<?xml version="1.0" encoding="UTF-8" standalone="no"?>
<!DOCTYPE log SYSTEM "logger.dtd">
<log>
<record>
  <date>2018-04-26T14:14:49.051-0300</date>
  <logger>LUCAS CORDEIRO BRASIL</logger>
  <level>FINE</level>
  <message>File 117110793-LUCAS CORDEIRO BRASIL.zip was received. It was sent by LUCAS CORDEIRO BRASIL from IP 150.165.42.150</message>
</record>
</log>
<?xml version="1.0" encoding="UTF-8" standalone="no"?>
<!DOCTYPE log SYSTEM "logger.dtd">
<log>
<record>
  <date>2018-04-26T15:33:23.960-0300</date>
  <logger>LUCAS CORDEIRO BRASIL</logger>
  <level>FINE</level>
  <message>File 117110793-LUCAS CORDEIRO BRASIL.zip was received. It was sent by LUCAS CORDEIRO BRASIL from IP 150.165.42.150</message>
</record>
</log>
<?xml version="1.0" encoding="UTF-8" standalone="no"?>
<!DOCTYPE log SYSTEM "logger.dtd">
<log>
<record>
  <date>2018-04-26T15:35:58.354-0300</date>
  <logger>LUCAS CORDEIRO BRASIL</logger>
  <level>FINE</level>
  <message>File 117110793-LUCAS CORDEIRO BRASIL.zip was received. It was sent by LUCAS CORDEIRO BRASIL from IP 150.165.42.150</message>
</record>
</log>
<?xml version="1.0" encoding="UTF-8" standalone="no"?>
<!DOCTYPE log SYSTEM "logger.dtd">
<log>
<record>
  <date>2018-04-26T15:39:01.513-0300</date>
  <logger>LUCAS CORDEIRO BRASIL</logger>
  <level>FINE</level>
  <message>File 117110793-LUCAS CORDEIRO BRASIL.zip was received. It was sent by LUCAS CORDEIRO BRASIL from IP 150.165.42.150</message>
</record>
</log>
<?xml version="1.0" encoding="UTF-8" standalone="no"?>
<!DOCTYPE log SYSTEM "logger.dtd">
<log>
<record>
  <date>2018-04-26T15:39:39.357-0300</date>
  <logger>LUCAS CORDEIRO BRASIL</logger>
  <level>FINE</level>
  <message>File 117110793-LUCAS CORDEIRO BRASIL.zip was received. It was sent by LUCAS CORDEIRO BRASIL from IP 150.165.42.150</message>
</record>
</log>
<?xml version="1.0" encoding="UTF-8" standalone="no"?>
<!DOCTYPE log SYSTEM "logger.dtd">
<log>
<record>
  <date>2018-04-26T15:39:53.013-0300</date>
  <logger>LUCAS CORDEIRO BRASIL</logger>
  <level>FINE</level>
  <message>File 117110793-LUCAS CORDEIRO BRASIL.zip was received. It was sent by LUCAS CORDEIRO BRASIL from IP 150.165.42.150</message>
</record>
</log>
<?xml version="1.0" encoding="UTF-8" standalone="no"?>
<!DOCTYPE log SYSTEM "logger.dtd">
<log>
<record>
  <date>2018-04-26T15:40:43.484-0300</date>
  <logger>LUCAS CORDEIRO BRASIL</logger>
  <level>FINE</level>
  <message>File 117110793-LUCAS CORDEIRO BRASIL.zip was received. It was sent by LUCAS CORDEIRO BRASIL from IP 150.165.42.150</message>
</record>
</log>
<?xml version="1.0" encoding="UTF-8" standalone="no"?>
<!DOCTYPE log SYSTEM "logger.dtd">
<log>
<record>
  <date>2018-04-26T15:42:06.487-0300</date>
  <logger>LUCAS CORDEIRO BRASIL</logger>
  <level>FINE</level>
  <message>File 117110793-LUCAS CORDEIRO BRASIL.zip was received. It was sent by LUCAS CORDEIRO BRASIL from IP 150.165.42.150</message>
</record>
</log>
<?xml version="1.0" encoding="UTF-8" standalone="no"?>
<!DOCTYPE log SYSTEM "logger.dtd">
<log>
<record>
  <date>2018-04-26T15:43:05.205-0300</date>
  <logger>LUCAS CORDEIRO BRASIL</logger>
  <level>FINE</level>
  <message>File 117110793-LUCAS CORDEIRO BRASIL.zip was received. It was sent by LUCAS CORDEIRO BRASIL from IP 150.165.42.150</message>
</record>
</log>
<?xml version="1.0" encoding="UTF-8" standalone="no"?>
<!DOCTYPE log SYSTEM "logger.dtd">
<log>
<record>
  <date>2018-04-26T15:43:59.232-0300</date>
  <logger>LUCAS CORDEIRO BRASIL</logger>
  <level>FINE</level>
  <message>File 117110793-LUCAS CORDEIRO BRASIL.zip was received. It was sent by LUCAS CORDEIRO BRASIL from IP 150.165.42.150</message>
</record>
